0 info it worked if it ends with ok
1 verbose cli [ '/usr/bin/node', '/usr/bin/npm', 'install', '-g', 'ejs-lint' ]
2 info using npm@3.5.2
3 info using node@v8.10.0
4 silly loadCurrentTree Starting
5 silly install loadCurrentTree
6 silly install readGlobalPackageData
7 silly fetchPackageMetaData ejs-lint
8 silly fetchNamedPackageData ejs-lint
9 silly mapToRegistry name ejs-lint
10 silly mapToRegistry using default registry
11 silly mapToRegistry registry https://registry.npmjs.org/
12 silly mapToRegistry uri https://registry.npmjs.org/ejs-lint
13 verbose request uri https://registry.npmjs.org/ejs-lint
14 verbose request no auth needed
15 info attempt registry request try #1 at 8:11:17 PM
16 verbose request id 125431d948623f42
17 verbose etag W/"870482edc0ca2eee64c5d53110f96c40"
18 verbose lastModified Thu, 08 Apr 2021 00:43:22 GMT
19 http request GET https://registry.npmjs.org/ejs-lint
20 http 304 https://registry.npmjs.org/ejs-lint
21 verbose headers { date: 'Thu, 06 May 2021 03:11:17 GMT',
21 verbose headers   connection: 'keep-alive',
21 verbose headers   'set-cookie':
21 verbose headers    [ '__cfduid=d0dd8d02775937504549af5ac9d73ef771620270677; expires=Sat, 05-Jun-21 03:11:17 GMT; path=/; domain=.npmjs.org; HttpOnly; SameSite=Lax' ],
21 verbose headers   'cf-ray': '64af0536ad58f4d8-HNL',
21 verbose headers   age: '63',
21 verbose headers   'cache-control': 'public, max-age=300',
21 verbose headers   etag: '"870482edc0ca2eee64c5d53110f96c40"',
21 verbose headers   'last-modified': 'Thu, 08 Apr 2021 00:43:22 GMT',
21 verbose headers   vary: 'Accept-Encoding',
21 verbose headers   'cf-cache-status': 'HIT',
21 verbose headers   'cf-request-id': '09e141962e0000f4d83f0fc000000001',
21 verbose headers   'expect-ct': 'max-age=604800, report-uri="https://report-uri.cloudflare.com/cdn-cgi/beacon/expect-ct"',
21 verbose headers   server: 'cloudflare' }
22 silly get cb [ 304,
22 silly get   { date: 'Thu, 06 May 2021 03:11:17 GMT',
22 silly get     connection: 'keep-alive',
22 silly get     'set-cookie':
22 silly get      [ '__cfduid=d0dd8d02775937504549af5ac9d73ef771620270677; expires=Sat, 05-Jun-21 03:11:17 GMT; path=/; domain=.npmjs.org; HttpOnly; SameSite=Lax' ],
22 silly get     'cf-ray': '64af0536ad58f4d8-HNL',
22 silly get     age: '63',
22 silly get     'cache-control': 'public, max-age=300',
22 silly get     etag: '"870482edc0ca2eee64c5d53110f96c40"',
22 silly get     'last-modified': 'Thu, 08 Apr 2021 00:43:22 GMT',
22 silly get     vary: 'Accept-Encoding',
22 silly get     'cf-cache-status': 'HIT',
22 silly get     'cf-request-id': '09e141962e0000f4d83f0fc000000001',
22 silly get     'expect-ct': 'max-age=604800, report-uri="https://report-uri.cloudflare.com/cdn-cgi/beacon/expect-ct"',
22 silly get     server: 'cloudflare' } ]
23 verbose etag https://registry.npmjs.org/ejs-lint from cache
24 verbose get saving ejs-lint to /home/qwqer/.npm/registry.npmjs.org/ejs-lint/.cache.json
25 silly install normalizeTree
26 silly loadCurrentTree Finishing
27 silly loadIdealTree Starting
28 silly install loadIdealTree
29 silly cloneCurrentTree Starting
30 silly install cloneCurrentTreeToIdealTree
31 silly cloneCurrentTree Finishing
32 silly loadShrinkwrap Starting
33 silly install loadShrinkwrap
34 silly loadShrinkwrap Finishing
35 silly loadAllDepsIntoIdealTree Starting
36 silly install loadAllDepsIntoIdealTree
37 silly resolveWithNewModule ejs-lint@1.2.0 checking installable status
38 silly cache add args [ 'ejs-lint', null ]
39 verbose cache add spec ejs-lint
40 silly cache add parsed spec Result {
40 silly cache add   raw: 'ejs-lint',
40 silly cache add   scope: null,
40 silly cache add   name: 'ejs-lint',
40 silly cache add   rawSpec: '',
40 silly cache add   spec: 'latest',
40 silly cache add   type: 'tag' }
41 silly addNamed ejs-lint@latest
42 verbose addNamed "latest" is being treated as a dist-tag for ejs-lint
43 info addNameTag [ 'ejs-lint', 'latest' ]
44 silly mapToRegistry name ejs-lint
45 silly mapToRegistry using default registry
46 silly mapToRegistry registry https://registry.npmjs.org/
47 silly mapToRegistry uri https://registry.npmjs.org/ejs-lint
48 verbose addNameTag registry:https://registry.npmjs.org/ejs-lint not in flight; fetching
49 verbose get https://registry.npmjs.org/ejs-lint not expired, no request
50 silly addNameTag next cb for ejs-lint with tag latest
51 silly addNamed ejs-lint@1.2.0
52 verbose addNamed "1.2.0" is a plain semver version for ejs-lint
53 silly cache afterAdd ejs-lint@1.2.0
54 verbose afterAdd /home/qwqer/.npm/ejs-lint/1.2.0/package/package.json not in flight; writing
55 verbose afterAdd /home/qwqer/.npm/ejs-lint/1.2.0/package/package.json written
56 silly fetchNamedPackageData chalk
57 silly mapToRegistry name chalk
58 silly mapToRegistry using default registry
59 silly mapToRegistry registry https://registry.npmjs.org/
60 silly mapToRegistry uri https://registry.npmjs.org/chalk
61 silly fetchNamedPackageData ejs
62 silly mapToRegistry name ejs
63 silly mapToRegistry using default registry
64 silly mapToRegistry registry https://registry.npmjs.org/
65 silly mapToRegistry uri https://registry.npmjs.org/ejs
66 silly fetchNamedPackageData ejs-include-regex
67 silly mapToRegistry name ejs-include-regex
68 silly mapToRegistry using default registry
69 silly mapToRegistry registry https://registry.npmjs.org/
70 silly mapToRegistry uri https://registry.npmjs.org/ejs-include-regex
71 silly fetchNamedPackageData globby
72 silly mapToRegistry name globby
73 silly mapToRegistry using default registry
74 silly mapToRegistry registry https://registry.npmjs.org/
75 silly mapToRegistry uri https://registry.npmjs.org/globby
76 silly fetchNamedPackageData read-input
77 silly mapToRegistry name read-input
78 silly mapToRegistry using default registry
79 silly mapToRegistry registry https://registry.npmjs.org/
80 silly mapToRegistry uri https://registry.npmjs.org/read-input
81 silly fetchNamedPackageData slash
82 silly mapToRegistry name slash
83 silly mapToRegistry using default registry
84 silly mapToRegistry registry https://registry.npmjs.org/
85 silly mapToRegistry uri https://registry.npmjs.org/slash
86 silly fetchNamedPackageData syntax-error
87 silly mapToRegistry name syntax-error
88 silly mapToRegistry using default registry
89 silly mapToRegistry registry https://registry.npmjs.org/
90 silly mapToRegistry uri https://registry.npmjs.org/syntax-error
91 silly fetchNamedPackageData yargs
92 silly mapToRegistry name yargs
93 silly mapToRegistry using default registry
94 silly mapToRegistry registry https://registry.npmjs.org/
95 silly mapToRegistry uri https://registry.npmjs.org/yargs
96 verbose request uri https://registry.npmjs.org/chalk
97 verbose request no auth needed
98 info attempt registry request try #1 at 8:11:17 PM
99 verbose etag W/"cb900ebefd77cd77ef23ec10a38bf2e7"
100 verbose lastModified Thu, 29 Apr 2021 01:16:01 GMT
101 http request GET https://registry.npmjs.org/chalk
102 verbose request uri https://registry.npmjs.org/ejs
103 verbose request no auth needed
104 info attempt registry request try #1 at 8:11:17 PM
105 verbose etag W/"fa0a9e30838de006b49335fa5ad18110"
106 verbose lastModified Sat, 20 Feb 2021 21:22:31 GMT
107 http request GET https://registry.npmjs.org/ejs
108 verbose request uri https://registry.npmjs.org/ejs-include-regex
109 verbose request no auth needed
110 info attempt registry request try #1 at 8:11:17 PM
111 verbose etag W/"59e3ad4deb86cf4a5672b3f711b3b82b"
112 verbose lastModified Sat, 26 May 2018 22:51:12 GMT
113 http request GET https://registry.npmjs.org/ejs-include-regex
114 verbose request uri https://registry.npmjs.org/globby
115 verbose request no auth needed
116 info attempt registry request try #1 at 8:11:17 PM
117 verbose etag W/"320f9cbdf1a60a6c490308f9f1128087"
118 verbose lastModified Mon, 22 Mar 2021 09:57:20 GMT
119 http request GET https://registry.npmjs.org/globby
120 verbose request uri https://registry.npmjs.org/read-input
121 verbose request no auth needed
122 info attempt registry request try #1 at 8:11:17 PM
123 verbose etag W/"b61568f975bde568c41df1b9a2ee1d0c"
124 verbose lastModified Sun, 27 May 2018 15:26:29 GMT
125 http request GET https://registry.npmjs.org/read-input
126 verbose request uri https://registry.npmjs.org/slash
127 verbose request no auth needed
128 info attempt registry request try #1 at 8:11:17 PM
129 verbose etag W/"b9dfbedcb3ed83915c550ff7da1dd26b"
130 verbose lastModified Wed, 14 Apr 2021 07:07:50 GMT
131 http request GET https://registry.npmjs.org/slash
132 verbose request uri https://registry.npmjs.org/syntax-error
133 verbose request no auth needed
134 info attempt registry request try #1 at 8:11:17 PM
135 verbose etag W/"703aae3076937bdb9dc052d92f364eb2"
136 verbose lastModified Fri, 09 Oct 2020 12:54:42 GMT
137 http request GET https://registry.npmjs.org/syntax-error
138 verbose request uri https://registry.npmjs.org/yargs
139 verbose request no auth needed
140 info attempt registry request try #1 at 8:11:17 PM
141 verbose etag W/"fb618b4373642969b833551dc8b92d34"
142 verbose lastModified Mon, 03 May 2021 23:57:26 GMT
143 http request GET https://registry.npmjs.org/yargs
144 http 304 https://registry.npmjs.org/chalk
145 verbose headers { date: 'Thu, 06 May 2021 03:11:17 GMT',
145 verbose headers   connection: 'keep-alive',
145 verbose headers   'set-cookie':
145 verbose headers    [ '__cfduid=d0dd8d02775937504549af5ac9d73ef771620270677; expires=Sat, 05-Jun-21 03:11:17 GMT; path=/; domain=.npmjs.org; HttpOnly; SameSite=Lax' ],
145 verbose headers   'cf-ray': '64af05375e6ff4d8-HNL',
145 verbose headers   age: '62',
145 verbose headers   'cache-control': 'public, max-age=300',
145 verbose headers   etag: '"cb900ebefd77cd77ef23ec10a38bf2e7"',
145 verbose headers   'last-modified': 'Thu, 29 Apr 2021 01:16:01 GMT',
145 verbose headers   vary: 'Accept-Encoding',
145 verbose headers   'cf-cache-status': 'HIT',
145 verbose headers   'cf-request-id': '09e14196990000f4d864335000000001',
145 verbose headers   'expect-ct': 'max-age=604800, report-uri="https://report-uri.cloudflare.com/cdn-cgi/beacon/expect-ct"',
145 verbose headers   server: 'cloudflare' }
146 silly get cb [ 304,
146 silly get   { date: 'Thu, 06 May 2021 03:11:17 GMT',
146 silly get     connection: 'keep-alive',
146 silly get     'set-cookie':
146 silly get      [ '__cfduid=d0dd8d02775937504549af5ac9d73ef771620270677; expires=Sat, 05-Jun-21 03:11:17 GMT; path=/; domain=.npmjs.org; HttpOnly; SameSite=Lax' ],
146 silly get     'cf-ray': '64af05375e6ff4d8-HNL',
146 silly get     age: '62',
146 silly get     'cache-control': 'public, max-age=300',
146 silly get     etag: '"cb900ebefd77cd77ef23ec10a38bf2e7"',
146 silly get     'last-modified': 'Thu, 29 Apr 2021 01:16:01 GMT',
146 silly get     vary: 'Accept-Encoding',
146 silly get     'cf-cache-status': 'HIT',
146 silly get     'cf-request-id': '09e14196990000f4d864335000000001',
146 silly get     'expect-ct': 'max-age=604800, report-uri="https://report-uri.cloudflare.com/cdn-cgi/beacon/expect-ct"',
146 silly get     server: 'cloudflare' } ]
147 verbose etag https://registry.npmjs.org/chalk from cache
148 verbose get saving chalk to /home/qwqer/.npm/registry.npmjs.org/chalk/.cache.json
149 silly resolveWithNewModule chalk@4.1.1 checking installable status
150 silly cache add args [ 'chalk@^4.0.0', null ]
151 verbose cache add spec chalk@^4.0.0
152 silly cache add parsed spec Result {
152 silly cache add   raw: 'chalk@^4.0.0',
152 silly cache add   scope: null,
152 silly cache add   name: 'chalk',
152 silly cache add   rawSpec: '^4.0.0',
152 silly cache add   spec: '>=4.0.0 <5.0.0',
152 silly cache add   type: 'range' }
153 silly addNamed chalk@>=4.0.0 <5.0.0
154 verbose addNamed ">=4.0.0 <5.0.0" is a valid semver range for chalk
155 silly addNameRange { name: 'chalk', range: '>=4.0.0 <5.0.0', hasData: false }
156 silly mapToRegistry name chalk
157 silly mapToRegistry using default registry
158 silly mapToRegistry registry https://registry.npmjs.org/
159 silly mapToRegistry uri https://registry.npmjs.org/chalk
160 verbose addNameRange registry:https://registry.npmjs.org/chalk not in flight; fetching
161 verbose get https://registry.npmjs.org/chalk not expired, no request
162 silly addNameRange number 2 { name: 'chalk', range: '>=4.0.0 <5.0.0', hasData: true }
163 silly addNameRange versions [ 'chalk',
163 silly addNameRange   [ '0.1.0',
163 silly addNameRange     '0.1.1',
163 silly addNameRange     '0.2.0',
163 silly addNameRange     '0.2.1',
163 silly addNameRange     '0.3.0',
163 silly addNameRange     '0.4.0',
163 silly addNameRange     '0.5.0',
163 silly addNameRange     '0.5.1',
163 silly addNameRange     '1.0.0',
163 silly addNameRange     '1.1.0',
163 silly addNameRange     '1.1.1',
163 silly addNameRange     '1.1.2',
163 silly addNameRange     '1.1.3',
163 silly addNameRange     '2.0.0',
163 silly addNameRange     '2.0.1',
163 silly addNameRange     '2.1.0',
163 silly addNameRange     '2.2.0',
163 silly addNameRange     '2.2.2',
163 silly addNameRange     '2.3.0',
163 silly addNameRange     '2.3.1',
163 silly addNameRange     '2.3.2',
163 silly addNameRange     '2.4.0',
163 silly addNameRange     '2.4.1',
163 silly addNameRange     '2.4.2',
163 silly addNameRange     '3.0.0-beta.1',
163 silly addNameRange     '3.0.0-beta.2',
163 silly addNameRange     '3.0.0',
163 silly addNameRange     '4.0.0',
163 silly addNameRange     '4.1.0',
163 silly addNameRange     '4.1.1' ] ]
164 silly addNamed chalk@4.1.1
165 verbose addNamed "4.1.1" is a plain semver version for chalk
166 silly cache afterAdd chalk@4.1.1
167 verbose afterAdd /home/qwqer/.npm/chalk/4.1.1/package/package.json not in flight; writing
168 verbose afterAdd /home/qwqer/.npm/chalk/4.1.1/package/package.json written
169 http 304 https://registry.npmjs.org/ejs
170 verbose headers { date: 'Thu, 06 May 2021 03:11:17 GMT',
170 verbose headers   connection: 'keep-alive',
170 verbose headers   'set-cookie':
170 verbose headers    [ '__cfduid=d35b1d818afed70bdd68c6073f992611c1620270677; expires=Sat, 05-Jun-21 03:11:17 GMT; path=/; domain=.npmjs.org; HttpOnly; SameSite=Lax' ],
170 verbose headers   'cf-ray': '64af0537ac6df4cc-HNL',
170 verbose headers   age: '62',
170 verbose headers   'cache-control': 'public, max-age=300',
170 verbose headers   etag: '"fa0a9e30838de006b49335fa5ad18110"',
170 verbose headers   'last-modified': 'Sat, 20 Feb 2021 21:22:31 GMT',
170 verbose headers   vary: 'Accept-Encoding',
170 verbose headers   'cf-cache-status': 'HIT',
170 verbose headers   'cf-request-id': '09e14196c90000f4ccc2a13000000001',
170 verbose headers   'expect-ct': 'max-age=604800, report-uri="https://report-uri.cloudflare.com/cdn-cgi/beacon/expect-ct"',
170 verbose headers   server: 'cloudflare' }
171 silly get cb [ 304,
171 silly get   { date: 'Thu, 06 May 2021 03:11:17 GMT',
171 silly get     connection: 'keep-alive',
171 silly get     'set-cookie':
171 silly get      [ '__cfduid=d35b1d818afed70bdd68c6073f992611c1620270677; expires=Sat, 05-Jun-21 03:11:17 GMT; path=/; domain=.npmjs.org; HttpOnly; SameSite=Lax' ],
171 silly get     'cf-ray': '64af0537ac6df4cc-HNL',
171 silly get     age: '62',
171 silly get     'cache-control': 'public, max-age=300',
171 silly get     etag: '"fa0a9e30838de006b49335fa5ad18110"',
171 silly get     'last-modified': 'Sat, 20 Feb 2021 21:22:31 GMT',
171 silly get     vary: 'Accept-Encoding',
171 silly get     'cf-cache-status': 'HIT',
171 silly get     'cf-request-id': '09e14196c90000f4ccc2a13000000001',
171 silly get     'expect-ct': 'max-age=604800, report-uri="https://report-uri.cloudflare.com/cdn-cgi/beacon/expect-ct"',
171 silly get     server: 'cloudflare' } ]
172 verbose etag https://registry.npmjs.org/ejs from cache
173 verbose get saving ejs to /home/qwqer/.npm/registry.npmjs.org/ejs/.cache.json
174 silly resolveWithNewModule ejs@3.1.5 checking installable status
175 silly cache add args [ 'ejs@3.1.5', null ]
176 verbose cache add spec ejs@3.1.5
177 silly cache add parsed spec Result {
177 silly cache add   raw: 'ejs@3.1.5',
177 silly cache add   scope: null,
177 silly cache add   name: 'ejs',
177 silly cache add   rawSpec: '3.1.5',
177 silly cache add   spec: '3.1.5',
177 silly cache add   type: 'version' }
178 silly addNamed ejs@3.1.5
179 verbose addNamed "3.1.5" is a plain semver version for ejs
180 silly mapToRegistry name ejs
181 silly mapToRegistry using default registry
182 silly mapToRegistry registry https://registry.npmjs.org/
183 silly mapToRegistry uri https://registry.npmjs.org/ejs
184 verbose addNameVersion registry:https://registry.npmjs.org/ejs not in flight; fetching
185 verbose get https://registry.npmjs.org/ejs not expired, no request
186 http 304 https://registry.npmjs.org/yargs
187 verbose headers { date: 'Thu, 06 May 2021 03:11:17 GMT',
187 verbose headers   connection: 'keep-alive',
187 verbose headers   'set-cookie':
187 verbose headers    [ '__cfduid=d7eb4eb536076dd79301ec954b7a2d2411620270677; expires=Sat, 05-Jun-21 03:11:17 GMT; path=/; domain=.npmjs.org; HttpOnly; SameSite=Lax' ],
187 verbose headers   'cf-ray': '64af0537aa42f4c4-HNL',
187 verbose headers   age: '62',
187 verbose headers   'cache-control': 'public, max-age=300',
187 verbose headers   etag: '"fb618b4373642969b833551dc8b92d34"',
187 verbose headers   'last-modified': 'Mon, 03 May 2021 23:57:26 GMT',
187 verbose headers   vary: 'Accept-Encoding',
187 verbose headers   'cf-cache-status': 'HIT',
187 verbose headers   'cf-request-id': '09e14196ce0000f4c426a0d000000001',
187 verbose headers   'expect-ct': 'max-age=604800, report-uri="https://report-uri.cloudflare.com/cdn-cgi/beacon/expect-ct"',
187 verbose headers   server: 'cloudflare' }
188 silly get cb [ 304,
188 silly get   { date: 'Thu, 06 May 2021 03:11:17 GMT',
188 silly get     connection: 'keep-alive',
188 silly get     'set-cookie':
188 silly get      [ '__cfduid=d7eb4eb536076dd79301ec954b7a2d2411620270677; expires=Sat, 05-Jun-21 03:11:17 GMT; path=/; domain=.npmjs.org; HttpOnly; SameSite=Lax' ],
188 silly get     'cf-ray': '64af0537aa42f4c4-HNL',
188 silly get     age: '62',
188 silly get     'cache-control': 'public, max-age=300',
188 silly get     etag: '"fb618b4373642969b833551dc8b92d34"',
188 silly get     'last-modified': 'Mon, 03 May 2021 23:57:26 GMT',
188 silly get     vary: 'Accept-Encoding',
188 silly get     'cf-cache-status': 'HIT',
188 silly get     'cf-request-id': '09e14196ce0000f4c426a0d000000001',
188 silly get     'expect-ct': 'max-age=604800, report-uri="https://report-uri.cloudflare.com/cdn-cgi/beacon/expect-ct"',
188 silly get     server: 'cloudflare' } ]
189 verbose etag https://registry.npmjs.org/yargs from cache
190 verbose get saving yargs to /home/qwqer/.npm/registry.npmjs.org/yargs/.cache.json
191 http 304 https://registry.npmjs.org/globby
192 verbose headers { date: 'Thu, 06 May 2021 03:11:17 GMT',
192 verbose headers   connection: 'keep-alive',
192 verbose headers   'set-cookie':
192 verbose headers    [ '__cfduid=d76adf6df9304ee09ad96a8ed7f920c161620270677; expires=Sat, 05-Jun-21 03:11:17 GMT; path=/; domain=.npmjs.org; HttpOnly; SameSite=Lax' ],
192 verbose headers   'cf-ray': '64af0537abbef4d4-HNL',
192 verbose headers   age: '62',
192 verbose headers   'cache-control': 'public, max-age=300',
192 verbose headers   etag: '"320f9cbdf1a60a6c490308f9f1128087"',
192 verbose headers   'last-modified': 'Mon, 22 Mar 2021 09:57:20 GMT',
192 verbose headers   vary: 'Accept-Encoding',
192 verbose headers   'cf-cache-status': 'HIT',
192 verbose headers   'cf-request-id': '09e14196c90000f4d4e0258000000001',
192 verbose headers   'expect-ct': 'max-age=604800, report-uri="https://report-uri.cloudflare.com/cdn-cgi/beacon/expect-ct"',
192 verbose headers   server: 'cloudflare' }
193 silly get cb [ 304,
193 silly get   { date: 'Thu, 06 May 2021 03:11:17 GMT',
193 silly get     connection: 'keep-alive',
193 silly get     'set-cookie':
193 silly get      [ '__cfduid=d76adf6df9304ee09ad96a8ed7f920c161620270677; expires=Sat, 05-Jun-21 03:11:17 GMT; path=/; domain=.npmjs.org; HttpOnly; SameSite=Lax' ],
193 silly get     'cf-ray': '64af0537abbef4d4-HNL',
193 silly get     age: '62',
193 silly get     'cache-control': 'public, max-age=300',
193 silly get     etag: '"320f9cbdf1a60a6c490308f9f1128087"',
193 silly get     'last-modified': 'Mon, 22 Mar 2021 09:57:20 GMT',
193 silly get     vary: 'Accept-Encoding',
193 silly get     'cf-cache-status': 'HIT',
193 silly get     'cf-request-id': '09e14196c90000f4d4e0258000000001',
193 silly get     'expect-ct': 'max-age=604800, report-uri="https://report-uri.cloudflare.com/cdn-cgi/beacon/expect-ct"',
193 silly get     server: 'cloudflare' } ]
194 verbose etag https://registry.npmjs.org/globby from cache
195 verbose get saving globby to /home/qwqer/.npm/registry.npmjs.org/globby/.cache.json
196 http 304 https://registry.npmjs.org/read-input
197 verbose headers { date: 'Thu, 06 May 2021 03:11:17 GMT',
197 verbose headers   connection: 'keep-alive',
197 verbose headers   'set-cookie':
197 verbose headers    [ '__cfduid=d7cbb5a01160c3bf6f0bdeca88735991c1620270677; expires=Sat, 05-Jun-21 03:11:17 GMT; path=/; domain=.npmjs.org; HttpOnly; SameSite=Lax' ],
197 verbose headers   'cf-ray': '64af0537aed3f4c8-HNL',
197 verbose headers   age: '62',
197 verbose headers   'cache-control': 'public, max-age=300',
197 verbose headers   etag: '"b61568f975bde568c41df1b9a2ee1d0c"',
197 verbose headers   'last-modified': 'Sun, 27 May 2018 15:26:29 GMT',
197 verbose headers   vary: 'Accept-Encoding',
197 verbose headers   'cf-cache-status': 'HIT',
197 verbose headers   'cf-request-id': '09e14196ca0000f4c8e73d4000000001',
197 verbose headers   'expect-ct': 'max-age=604800, report-uri="https://report-uri.cloudflare.com/cdn-cgi/beacon/expect-ct"',
197 verbose headers   server: 'cloudflare' }
198 silly get cb [ 304,
198 silly get   { date: 'Thu, 06 May 2021 03:11:17 GMT',
198 silly get     connection: 'keep-alive',
198 silly get     'set-cookie':
198 silly get      [ '__cfduid=d7cbb5a01160c3bf6f0bdeca88735991c1620270677; expires=Sat, 05-Jun-21 03:11:17 GMT; path=/; domain=.npmjs.org; HttpOnly; SameSite=Lax' ],
198 silly get     'cf-ray': '64af0537aed3f4c8-HNL',
198 silly get     age: '62',
198 silly get     'cache-control': 'public, max-age=300',
198 silly get     etag: '"b61568f975bde568c41df1b9a2ee1d0c"',
198 silly get     'last-modified': 'Sun, 27 May 2018 15:26:29 GMT',
198 silly get     vary: 'Accept-Encoding',
198 silly get     'cf-cache-status': 'HIT',
198 silly get     'cf-request-id': '09e14196ca0000f4c8e73d4000000001',
198 silly get     'expect-ct': 'max-age=604800, report-uri="https://report-uri.cloudflare.com/cdn-cgi/beacon/expect-ct"',
198 silly get     server: 'cloudflare' } ]
199 verbose etag https://registry.npmjs.org/read-input from cache
200 verbose get saving read-input to /home/qwqer/.npm/registry.npmjs.org/read-input/.cache.json
201 http 304 https://registry.npmjs.org/slash
202 verbose headers { date: 'Thu, 06 May 2021 03:11:17 GMT',
202 verbose headers   connection: 'keep-alive',
202 verbose headers   'set-cookie':
202 verbose headers    [ '__cfduid=d0dd8d02775937504549af5ac9d73ef771620270677; expires=Sat, 05-Jun-21 03:11:17 GMT; path=/; domain=.npmjs.org; HttpOnly; SameSite=Lax' ],
202 verbose headers   'cf-ray': '64af0537aeeef4d8-HNL',
202 verbose headers   age: '62',
202 verbose headers   'cache-control': 'public, max-age=300',
202 verbose headers   etag: '"b9dfbedcb3ed83915c550ff7da1dd26b"',
202 verbose headers   'last-modified': 'Wed, 14 Apr 2021 07:07:50 GMT',
202 verbose headers   vary: 'Accept-Encoding',
202 verbose headers   'cf-cache-status': 'HIT',
202 verbose headers   'cf-request-id': '09e14196cd0000f4d8c71ec000000001',
202 verbose headers   'expect-ct': 'max-age=604800, report-uri="https://report-uri.cloudflare.com/cdn-cgi/beacon/expect-ct"',
202 verbose headers   server: 'cloudflare' }
203 silly get cb [ 304,
203 silly get   { date: 'Thu, 06 May 2021 03:11:17 GMT',
203 silly get     connection: 'keep-alive',
203 silly get     'set-cookie':
203 silly get      [ '__cfduid=d0dd8d02775937504549af5ac9d73ef771620270677; expires=Sat, 05-Jun-21 03:11:17 GMT; path=/; domain=.npmjs.org; HttpOnly; SameSite=Lax' ],
203 silly get     'cf-ray': '64af0537aeeef4d8-HNL',
203 silly get     age: '62',
203 silly get     'cache-control': 'public, max-age=300',
203 silly get     etag: '"b9dfbedcb3ed83915c550ff7da1dd26b"',
203 silly get     'last-modified': 'Wed, 14 Apr 2021 07:07:50 GMT',
203 silly get     vary: 'Accept-Encoding',
203 silly get     'cf-cache-status': 'HIT',
203 silly get     'cf-request-id': '09e14196cd0000f4d8c71ec000000001',
203 silly get     'expect-ct': 'max-age=604800, report-uri="https://report-uri.cloudflare.com/cdn-cgi/beacon/expect-ct"',
203 silly get     server: 'cloudflare' } ]
204 verbose etag https://registry.npmjs.org/slash from cache
205 verbose get saving slash to /home/qwqer/.npm/registry.npmjs.org/slash/.cache.json
206 http 304 https://registry.npmjs.org/syntax-error
207 verbose headers { date: 'Thu, 06 May 2021 03:11:17 GMT',
207 verbose headers   connection: 'keep-alive',
207 verbose headers   'set-cookie':
207 verbose headers    [ '__cfduid=d7eb4eb536076dd79301ec954b7a2d2411620270677; expires=Sat, 05-Jun-21 03:11:17 GMT; path=/; domain=.npmjs.org; HttpOnly; SameSite=Lax' ],
207 verbose headers   'cf-ray': '64af0537aa34f4c4-HNL',
207 verbose headers   age: '62',
207 verbose headers   'cache-control': 'public, max-age=300',
207 verbose headers   etag: '"703aae3076937bdb9dc052d92f364eb2"',
207 verbose headers   'last-modified': 'Fri, 09 Oct 2020 12:54:42 GMT',
207 verbose headers   vary: 'Accept-Encoding',
207 verbose headers   'cf-cache-status': 'HIT',
207 verbose headers   'cf-request-id': '09e14196ca0000f4c432309000000001',
207 verbose headers   'expect-ct': 'max-age=604800, report-uri="https://report-uri.cloudflare.com/cdn-cgi/beacon/expect-ct"',
207 verbose headers   server: 'cloudflare' }
208 silly get cb [ 304,
208 silly get   { date: 'Thu, 06 May 2021 03:11:17 GMT',
208 silly get     connection: 'keep-alive',
208 silly get     'set-cookie':
208 silly get      [ '__cfduid=d7eb4eb536076dd79301ec954b7a2d2411620270677; expires=Sat, 05-Jun-21 03:11:17 GMT; path=/; domain=.npmjs.org; HttpOnly; SameSite=Lax' ],
208 silly get     'cf-ray': '64af0537aa34f4c4-HNL',
208 silly get     age: '62',
208 silly get     'cache-control': 'public, max-age=300',
208 silly get     etag: '"703aae3076937bdb9dc052d92f364eb2"',
208 silly get     'last-modified': 'Fri, 09 Oct 2020 12:54:42 GMT',
208 silly get     vary: 'Accept-Encoding',
208 silly get     'cf-cache-status': 'HIT',
208 silly get     'cf-request-id': '09e14196ca0000f4c432309000000001',
208 silly get     'expect-ct': 'max-age=604800, report-uri="https://report-uri.cloudflare.com/cdn-cgi/beacon/expect-ct"',
208 silly get     server: 'cloudflare' } ]
209 verbose etag https://registry.npmjs.org/syntax-error from cache
210 verbose get saving syntax-error to /home/qwqer/.npm/registry.npmjs.org/syntax-error/.cache.json
211 http 304 https://registry.npmjs.org/ejs-include-regex
212 verbose headers { date: 'Thu, 06 May 2021 03:11:17 GMT',
212 verbose headers   connection: 'keep-alive',
212 verbose headers   'set-cookie':
212 verbose headers    [ '__cfduid=d76adf6df9304ee09ad96a8ed7f920c161620270677; expires=Sat, 05-Jun-21 03:11:17 GMT; path=/; domain=.npmjs.org; HttpOnly; SameSite=Lax' ],
212 verbose headers   'cf-ray': '64af0537abbff4d4-HNL',
212 verbose headers   age: '62',
212 verbose headers   'cache-control': 'public, max-age=300',
212 verbose headers   etag: '"59e3ad4deb86cf4a5672b3f711b3b82b"',
212 verbose headers   'last-modified': 'Sat, 26 May 2018 22:51:12 GMT',
212 verbose headers   vary: 'Accept-Encoding',
212 verbose headers   'cf-cache-status': 'HIT',
212 verbose headers   'cf-request-id': '09e14196cd0000f4d4d5aeb000000001',
212 verbose headers   'expect-ct': 'max-age=604800, report-uri="https://report-uri.cloudflare.com/cdn-cgi/beacon/expect-ct"',
212 verbose headers   server: 'cloudflare' }
213 silly get cb [ 304,
213 silly get   { date: 'Thu, 06 May 2021 03:11:17 GMT',
213 silly get     connection: 'keep-alive',
213 silly get     'set-cookie':
213 silly get      [ '__cfduid=d76adf6df9304ee09ad96a8ed7f920c161620270677; expires=Sat, 05-Jun-21 03:11:17 GMT; path=/; domain=.npmjs.org; HttpOnly; SameSite=Lax' ],
213 silly get     'cf-ray': '64af0537abbff4d4-HNL',
213 silly get     age: '62',
213 silly get     'cache-control': 'public, max-age=300',
213 silly get     etag: '"59e3ad4deb86cf4a5672b3f711b3b82b"',
213 silly get     'last-modified': 'Sat, 26 May 2018 22:51:12 GMT',
213 silly get     vary: 'Accept-Encoding',
213 silly get     'cf-cache-status': 'HIT',
213 silly get     'cf-request-id': '09e14196cd0000f4d4d5aeb000000001',
213 silly get     'expect-ct': 'max-age=604800, report-uri="https://report-uri.cloudflare.com/cdn-cgi/beacon/expect-ct"',
213 silly get     server: 'cloudflare' } ]
214 verbose etag https://registry.npmjs.org/ejs-include-regex from cache
215 verbose get saving ejs-include-regex to /home/qwqer/.npm/registry.npmjs.org/ejs-include-regex/.cache.json
216 silly cache afterAdd ejs@3.1.5
217 verbose afterAdd /home/qwqer/.npm/ejs/3.1.5/package/package.json not in flight; writing
218 verbose stack Error: Missing required argument #1
218 verbose stack     at andLogAndFinish (/usr/share/npm/lib/fetch-package-metadata.js:31:3)
218 verbose stack     at fetchPackageMetadata (/usr/share/npm/lib/fetch-package-metadata.js:51:22)
218 verbose stack     at resolveWithNewModule (/usr/share/npm/lib/install/deps.js:456:12)
218 verbose stack     at /usr/share/npm/lib/install/deps.js:457:7
218 verbose stack     at /usr/share/npm/node_modules/iferr/index.js:13:50
218 verbose stack     at /usr/share/npm/lib/fetch-package-metadata.js:37:12
218 verbose stack     at addRequestedAndFinish (/usr/share/npm/lib/fetch-package-metadata.js:82:5)
218 verbose stack     at returnAndAddMetadata (/usr/share/npm/lib/fetch-package-metadata.js:117:7)
218 verbose stack     at pickVersionFromRegistryDocument (/usr/share/npm/lib/fetch-package-metadata.js:134:20)
218 verbose stack     at /usr/share/npm/node_modules/iferr/index.js:13:50
219 verbose cwd /home/qwqer/Documents/project1_ecommerce
220 error Linux 5.4.0-72-generic
221 error argv "/usr/bin/node" "/usr/bin/npm" "install" "-g" "ejs-lint"
222 error node v8.10.0
223 error npm  v3.5.2
224 error code EMISSINGARG
225 error typeerror Error: Missing required argument #1
225 error typeerror     at andLogAndFinish (/usr/share/npm/lib/fetch-package-metadata.js:31:3)
225 error typeerror     at fetchPackageMetadata (/usr/share/npm/lib/fetch-package-metadata.js:51:22)
225 error typeerror     at resolveWithNewModule (/usr/share/npm/lib/install/deps.js:456:12)
225 error typeerror     at /usr/share/npm/lib/install/deps.js:457:7
225 error typeerror     at /usr/share/npm/node_modules/iferr/index.js:13:50
225 error typeerror     at /usr/share/npm/lib/fetch-package-metadata.js:37:12
225 error typeerror     at addRequestedAndFinish (/usr/share/npm/lib/fetch-package-metadata.js:82:5)
225 error typeerror     at returnAndAddMetadata (/usr/share/npm/lib/fetch-package-metadata.js:117:7)
225 error typeerror     at pickVersionFromRegistryDocument (/usr/share/npm/lib/fetch-package-metadata.js:134:20)
225 error typeerror     at /usr/share/npm/node_modules/iferr/index.js:13:50
226 error typeerror This is an error with npm itself. Please report this error at:
226 error typeerror     <http://github.com/npm/npm/issues>
227 verbose exit [ 1, true ]
